<?xml version="1.0" encoding="UTF-8"?>
<testsuite name="zanTaoTest"
           tests="2"
           failures="1"
           errors="0"
           skipped="0"
           time="36.475">
  <properties />
            <testcase name="loginTest1" time="24.518" classname="com.first.testcase.LoginTest">
                <failure type="java.lang.AssertionError"
                  message="Error:元素未识别"
              >
<![CDATA[java.lang.AssertionError: Error:元素未识别
  org.testng.Assert.fail(Assert.java:93)
  com.first.uiframework.WebElementUtils.getElement(WebElementUtils.java:59)
  com.first.uiframework.WebElementUtils$1.apply(WebElementUtils.java:70)
  com.first.uiframework.WebElementUtils$1.apply(WebElementUtils.java:68)
  org.openqa.selenium.support.ui.FluentWait.until(FluentWait.java:238)
  com.first.uiframework.WebElementUtils.findElement(WebElementUtils.java:68)
  com.first.uiframework.WebElementUtils.getText(WebElementUtils.java:97)
  com.first.pages.MainPage.getLoginName(MainPage.java:21)
  com.first.actions.LoginOperate.getLoginName(LoginOperate.java:47)
  com.first.testcase.LoginTest.loginTest1(LoginTest.java:45)
  sun.reflect.NativeMethodAccessorImpl.invoke0(Native Method)
  sun.reflect.NativeMethodAccessorImpl.invoke(NativeMethodAccessorImpl.java:62)
  sun.reflect.DelegatingMethodAccessorImpl.invoke(DelegatingMethodAccessorImpl.java:43)
  java.lang.reflect.Method.invoke(Method.java:498)
  org.testng.internal.MethodInvocationHelper.invokeMethod(MethodInvocationHelper.java:108)
  org.testng.internal.Invoker.invokeMethod(Invoker.java:661)
  org.testng.internal.Invoker.invokeTestMethod(Invoker.java:869)
  org.testng.internal.Invoker.invokeTestMethods(Invoker.java:1193)
  org.testng.internal.TestMethodWorker.invokeTestMethods(TestMethodWorker.java:126)
  org.testng.internal.TestMethodWorker.run(TestMethodWorker.java:109)
  org.testng.TestRunner.privateRun(TestRunner.java:744)
  org.testng.TestRunner.run(TestRunner.java:602)
  org.testng.SuiteRunner.runTest(SuiteRunner.java:380)
  org.testng.SuiteRunner.runSequentially(SuiteRunner.java:375)
  org.testng.SuiteRunner.privateRun(SuiteRunner.java:340)
  org.testng.SuiteRunner.run(SuiteRunner.java:289)
  org.testng.SuiteRunnerWorker.runSuite(SuiteRunnerWorker.java:52)
  org.testng.SuiteRunnerWorker.run(SuiteRunnerWorker.java:86)
  org.testng.TestNG.runSuitesSequentially(TestNG.java:1301)
  org.testng.TestNG.runSuitesLocally(TestNG.java:1226)
  org.testng.TestNG.runSuites(TestNG.java:1144)
  org.testng.TestNG.run(TestNG.java:1115)
  org.testng.IDEARemoteTestNG.run(IDEARemoteTestNG.java:72)
  org.testng.RemoteTestNGStarter.main(RemoteTestNGStarter.java:127)
]]>
      </failure>

          </testcase>
  
  
            <testcase name="loginTest2" time="11.957" classname="com.first.testcase.LoginTest" />
      
</testsuite>
